LogEntry.0=START_INSTALL_LOG
LogEntry.1=BUNDLE_MANIFEST C:\Program Files\Adobe\Flex Builder 3\plugins\com.adobe.flexbuilder.codemodel_3.0.194161\META-INF\MANIFEST1260838017421.MF
LogEntry.2=BUNDLE C:\Program Files\Adobe\Flex Builder 3\plugins\com.adobe.flexbuilder.debug_3.0.194161.jar1260838018578.tmp
LogEntry.3=BUNDLE C:\Program Files\Adobe\Flex Builder 3\plugins\com.adobe.flexbuilder.debug.e32_3.0.194161.jar1260838018796.tmp
LogEntry.4=BUNDLE C:\Program Files\Adobe\Flex Builder 3\plugins\com.adobe.flexbuilder.debug.ui_3.0.194161.jar1260838018859.tmp
LogEntry.5=BUNDLE C:\Program Files\Adobe\Flex Builder 3\plugins\com.adobe.flexbuilder.designview_3.0.194161.jar1260838018937.tmp
LogEntry.6=BUNDLE_MANIFEST C:\Program Files\Adobe\Flex Builder 3\plugins\com.adobe.flexbuilder.editors.actionscript_3.0.194161\META-INF\MANIFEST1260838019875.MF
LogEntry.7=PLUGIN C:\Program Files\Adobe\Flex Builder 3\plugins\com.adobe.flexbuilder.editors.actionscript_3.0.194161\plugin1260838020187.xml
LogEntry.8=BUNDLE_MANIFEST C:\Program Files\Adobe\Flex Builder 3\plugins\com.adobe.flexbuilder.editors.common_3.0.194161\META-INF\MANIFEST1260838020500.MF
LogEntry.9=PLUGIN C:\Program Files\Adobe\Flex Builder 3\plugins\com.adobe.flexbuilder.editors.common_3.0.194161\plugin1260838023250.xml
LogEntry.10=BUNDLE C:\Program Files\Adobe\Flex Builder 3\plugins\com.adobe.flexbuilder.editors.mxml_3.0.194161.jar1260838023953.tmp
LogEntry.11=BUNDLE_MANIFEST C:\Program Files\Adobe\Flex Builder 3\plugins\com.adobe.flexbuilder.flex_3.0.194161\META-INF\MANIFEST1260838024812.MF
LogEntry.12=BUNDLE C:\Program Files\Adobe\Flex Builder 3\plugins\com.adobe.flexbuilder.mxmlmodel_3.0.194161.jar1260838029687.tmp
LogEntry.13=BUNDLE_MANIFEST C:\Program Files\Adobe\Flex Builder 3\plugins\com.adobe.flexbuilder.project_3.0.194161\META-INF\MANIFEST1260838029921.MF
LogEntry.14=PLUGIN C:\Program Files\Adobe\Flex Builder 3\plugins\com.adobe.flexbuilder.project_3.0.194161\plugin1260838029984.xml
LogEntry.15=BUNDLE_MANIFEST C:\Program Files\Adobe\Flex Builder 3\plugins\com.adobe.flexbuilder.ui_3.0.194161\META-INF\MANIFEST1260838030765.MF
LogEntry.16=PLUGIN C:\Program Files\Adobe\Flex Builder 3\plugins\com.adobe.flexbuilder.ui_3.0.194161\plugin1260838031750.xml
LogEntry.17=BUNDLE C:\Program Files\Adobe\Flex Builder 3\plugins\com.adobe.flexbuilder.editors.css_3.0.194161.jar1260838032843.tmp
LogEntry.18=BUNDLE C:\Program Files\Adobe\Flex Builder 3\plugins\com.adobe.flexbuilder.utils.osnative_3.0.194161.jar1260838032937.tmp
LogEntry.19=BUNDLE C:\Program Files\Adobe\Flex Builder 3\plugins\com.adobe.flexbuilder.crimson_3.0.194161.jar1260838033031.tmp
LogEntry.20=BUNDLE_MANIFEST C:\Program Files\Adobe\Flex Builder 3\plugins\com.adobe.flexbuilder.help_3.0.194161\META-INF\MANIFEST1260838033187.MF
LogEntry.21=PLUGIN C:\Program Files\Adobe\Flex Builder 3\plugins\com.adobe.flexbuilder.help_3.0.194161\plugin1260838054015.xml
LogEntry.22=BUNDLE C:\Program Files\Adobe\Flex Builder 3\plugins\com.adobe.flexbuilder.editors.derived_3.0.194161.jar1260838055265.tmp
LogEntry.23=BUNDLE C:\Program Files\Adobe\Flex Builder 3\plugins\com.adobe.flexbuilder.feature.core.brand_3.0.194161.jar1260838055390.tmp
LogEntry.24=BUNDLE C:\Program Files\Adobe\Flex Builder 3\plugins\com.adobe.flexbuilder.antlr_3.0.194161.jar1260838055500.tmp
LogEntry.25=BUNDLE C:\Program Files\Adobe\Flex Builder 3\plugins\com.adobe.flexbuilder.debug.ui.actions_3.0.194161.jar1260838055687.tmp
LogEntry.26=BUNDLE_MANIFEST C:\Program Files\Adobe\Flex Builder 3\plugins\com.adobe.flexbuilder.help.api_3.0.194161\META-INF\MANIFEST1260838055953.MF
LogEntry.27=PLUGIN C:\Program Files\Adobe\Flex Builder 3\plugins\com.adobe.flexbuilder.help.api_3.0.194161\plugin1260838056609.xml
LogEntry.28=BUNDLE C:\Program Files\Adobe\Flex Builder 3\plugins\com.adobe.extflashplayer_3.0.194161.jar1260838056703.tmp
LogEntry.29=BUNDLE C:\Program Files\Adobe\Flex Builder 3\plugins\com.adobe.flexbuilder.utils.osnative.win_3.0.194161.jar1260838057109.tmp
LogEntry.30=BUNDLE C:\Program Files\Adobe\Flex Builder 3\plugins\com.adobe.flexbuilder.apollo_3.0.194161.jar1260838057171.tmp
LogEntry.31=BUNDLE C:\Program Files\Adobe\Flex Builder 3\plugins\com.adobe.flexbuilder.multisdk_3.0.194161.jar1260838057281.tmp
LogEntry.32=BUNDLE C:\Program Files\Adobe\Flex Builder 3\plugins\com.adobe.flexbuilder.apollo.ui_3.0.194161.jar1260838057375.tmp
LogEntry.33=BUNDLE C:\Program Files\Adobe\Flex Builder 3\plugins\com.adobe.flexbuilder.importartwork_3.0.194161.jar1260838057500.tmp
LogEntry.34=BUNDLE_MANIFEST C:\Program Files\Adobe\Flex Builder 3\plugins\com.adobe.flexbuilder.tengine_3.0.194161\META-INF\MANIFEST1260838057609.MF
LogEntry.35=BUNDLE C:\Program Files\Adobe\Flex Builder 3\plugins\com.adobe.flexbuilder.ajaxbridge_3.0.194161.jar1260838058031.tmp
LogEntry.36=BUNDLE C:\Program Files\Adobe\Flex Builder 3\plugins\com.adobe.flash.profiler_3.0.194161.jar1260838058156.tmp
LogEntry.37=BUNDLE_MANIFEST C:\Program Files\Adobe\Flex Builder 3\plugins\com.adobe.flexbuilder.dbwizard_3.0.194161\META-INF\MANIFEST1260838058453.MF
LogEntry.38=PLUGIN C:\Program Files\Adobe\Flex Builder 3\plugins\com.adobe.flexbuilder.dbwizard_3.0.194161\plugin1260838058734.xml
LogEntry.39=BUNDLE_MANIFEST C:\Program Files\Adobe\Flex Builder 3\plugins\com.adobe.datatools.derived_3.0.194161\META-INF\MANIFEST1260838062312.MF
LogEntry.40=PLUGIN C:\Program Files\Adobe\Flex Builder 3\plugins\com.adobe.datatools.derived_3.0.194161\plugin1260838063562.xml
LogEntry.41=BUNDLE C:\Program Files\Adobe\Flex Builder 3\plugins\com.adobe.flexbuilder.axis2_3.0.194161.jar1260838063625.tmp
LogEntry.42=BUNDLE C:\Program Files\Adobe\Flex Builder 3\plugins\com.adobe.flexbuilder.webservices_3.0.194161.jar1260838064406.tmp
LogEntry.43=BUNDLE C:\Program Files\Adobe\Flex Builder 3\plugins\com.adobe.flexbuilder.exportimport_3.0.194161.jar1260838064500.tmp
LogEntry.44=FEATURE C:\Program Files\Adobe\Flex Builder 3\features\com.adobe.flexbuilder.feature.core_3.0.194161\feature1260838065093.xml
LogEntry.45=BUNDLE_MANIFEST C:\Program Files\Adobe\Flex Builder 3\plugins\com.adobe.flexbuilder.standalone_3.0.194161\META-INF\MANIFEST1260838065453.MF
LogEntry.46=PLUGIN C:\Program Files\Adobe\Flex Builder 3\plugins\com.adobe.flexbuilder.standalone_3.0.194161\plugin1260838065937.xml
LogEntry.47=BUNDLE C:\Program Files\Adobe\Flex Builder 3\plugins\com.adobe.flexbuilder.debug.e33_3.0.194161.jar1260838066140.tmp
LogEntry.48=FEATURE C:\Program Files\Adobe\Flex Builder 3\features\com.adobe.flexbuilder.feature.standalone_3.0.194161\feature1260838066453.xml
LogEntry.49=ALL_FEATURES_INSTALLED
LogEntry.50=RENAME C:\Program Files\Adobe\Flex Builder 3\features\com.adobe.flexbuilder.feature.standalone_3.0.194161\feature1260838066453.xml
LogEntry.51=RENAME C:\Program Files\Adobe\Flex Builder 3\plugins\com.adobe.flexbuilder.standalone_3.0.194161\META-INF\MANIFEST1260838065453.MF
LogEntry.52=RENAME C:\Program Files\Adobe\Flex Builder 3\plugins\com.adobe.flexbuilder.standalone_3.0.194161\plugin1260838065937.xml
LogEntry.53=RENAME C:\Program Files\Adobe\Flex Builder 3\plugins\com.adobe.flexbuilder.debug.e33_3.0.194161.jar1260838066140.tmp
LogEntry.54=RENAME C:\Program Files\Adobe\Flex Builder 3\features\com.adobe.flexbuilder.feature.core_3.0.194161\feature1260838065093.xml
LogEntry.55=RENAME C:\Program Files\Adobe\Flex Builder 3\plugins\com.adobe.flexbuilder.codemodel_3.0.194161\META-INF\MANIFEST1260838017421.MF
LogEntry.56=RENAME C:\Program Files\Adobe\Flex Builder 3\plugins\com.adobe.flexbuilder.debug_3.0.194161.jar1260838018578.tmp
LogEntry.57=RENAME C:\Program Files\Adobe\Flex Builder 3\plugins\com.adobe.flexbuilder.debug.e32_3.0.194161.jar1260838018796.tmp
LogEntry.58=RENAME C:\Program Files\Adobe\Flex Builder 3\plugins\com.adobe.flexbuilder.debug.ui_3.0.194161.jar1260838018859.tmp
LogEntry.59=RENAME C:\Program Files\Adobe\Flex Builder 3\plugins\com.adobe.flexbuilder.designview_3.0.194161.jar1260838018937.tmp
LogEntry.60=RENAME C:\Program Files\Adobe\Flex Builder 3\plugins\com.adobe.flexbuilder.editors.actionscript_3.0.194161\plugin1260838020187.xml
LogEntry.61=RENAME C:\Program Files\Adobe\Flex Builder 3\plugins\com.adobe.flexbuilder.editors.actionscript_3.0.194161\META-INF\MANIFEST1260838019875.MF
LogEntry.62=RENAME C:\Program Files\Adobe\Flex Builder 3\plugins\com.adobe.flexbuilder.editors.common_3.0.194161\META-INF\MANIFEST1260838020500.MF
LogEntry.63=RENAME C:\Program Files\Adobe\Flex Builder 3\plugins\com.adobe.flexbuilder.editors.common_3.0.194161\plugin1260838023250.xml
LogEntry.64=RENAME C:\Program Files\Adobe\Flex Builder 3\plugins\com.adobe.flexbuilder.editors.mxml_3.0.194161.jar1260838023953.tmp
LogEntry.65=RENAME C:\Program Files\Adobe\Flex Builder 3\plugins\com.adobe.flexbuilder.flex_3.0.194161\META-INF\MANIFEST1260838024812.MF
LogEntry.66=RENAME C:\Program Files\Adobe\Flex Builder 3\plugins\com.adobe.flexbuilder.mxmlmodel_3.0.194161.jar1260838029687.tmp
LogEntry.67=RENAME C:\Program Files\Adobe\Flex Builder 3\plugins\com.adobe.flexbuilder.project_3.0.194161\plugin1260838029984.xml
LogEntry.68=RENAME C:\Program Files\Adobe\Flex Builder 3\plugins\com.adobe.flexbuilder.project_3.0.194161\META-INF\MANIFEST1260838029921.MF
LogEntry.69=RENAME C:\Program Files\Adobe\Flex Builder 3\plugins\com.adobe.flexbuilder.ui_3.0.194161\plugin1260838031750.xml
LogEntry.70=RENAME C:\Program Files\Adobe\Flex Builder 3\plugins\com.adobe.flexbuilder.ui_3.0.194161\META-INF\MANIFEST1260838030765.MF
LogEntry.71=RENAME C:\Program Files\Adobe\Flex Builder 3\plugins\com.adobe.flexbuilder.editors.css_3.0.194161.jar1260838032843.tmp
LogEntry.72=RENAME C:\Program Files\Adobe\Flex Builder 3\plugins\com.adobe.flexbuilder.utils.osnative_3.0.194161.jar1260838032937.tmp
LogEntry.73=RENAME C:\Program Files\Adobe\Flex Builder 3\plugins\com.adobe.flexbuilder.crimson_3.0.194161.jar1260838033031.tmp
LogEntry.74=RENAME C:\Program Files\Adobe\Flex Builder 3\plugins\com.adobe.flexbuilder.help_3.0.194161\META-INF\MANIFEST1260838033187.MF
LogEntry.75=RENAME C:\Program Files\Adobe\Flex Builder 3\plugins\com.adobe.flexbuilder.help_3.0.194161\plugin1260838054015.xml
LogEntry.76=RENAME C:\Program Files\Adobe\Flex Builder 3\plugins\com.adobe.flexbuilder.editors.derived_3.0.194161.jar1260838055265.tmp
LogEntry.77=RENAME C:\Program Files\Adobe\Flex Builder 3\plugins\com.adobe.flexbuilder.feature.core.brand_3.0.194161.jar1260838055390.tmp
LogEntry.78=RENAME C:\Program Files\Adobe\Flex Builder 3\plugins\com.adobe.flexbuilder.antlr_3.0.194161.jar1260838055500.tmp
LogEntry.79=RENAME C:\Program Files\Adobe\Flex Builder 3\plugins\com.adobe.flexbuilder.debug.ui.actions_3.0.194161.jar1260838055687.tmp
LogEntry.80=RENAME C:\Program Files\Adobe\Flex Builder 3\plugins\com.adobe.flexbuilder.help.api_3.0.194161\META-INF\MANIFEST1260838055953.MF
LogEntry.81=RENAME C:\Program Files\Adobe\Flex Builder 3\plugins\com.adobe.flexbuilder.help.api_3.0.194161\plugin1260838056609.xml
LogEntry.82=RENAME C:\Program Files\Adobe\Flex Builder 3\plugins\com.adobe.extflashplayer_3.0.194161.jar1260838056703.tmp
LogEntry.83=RENAME C:\Program Files\Adobe\Flex Builder 3\plugins\com.adobe.flexbuilder.utils.osnative.win_3.0.194161.jar1260838057109.tmp
LogEntry.84=RENAME C:\Program Files\Adobe\Flex Builder 3\plugins\com.adobe.flexbuilder.apollo_3.0.194161.jar1260838057171.tmp
LogEntry.85=RENAME C:\Program Files\Adobe\Flex Builder 3\plugins\com.adobe.flexbuilder.multisdk_3.0.194161.jar1260838057281.tmp
LogEntry.86=RENAME C:\Program Files\Adobe\Flex Builder 3\plugins\com.adobe.flexbuilder.apollo.ui_3.0.194161.jar1260838057375.tmp
LogEntry.87=RENAME C:\Program Files\Adobe\Flex Builder 3\plugins\com.adobe.flexbuilder.importartwork_3.0.194161.jar1260838057500.tmp
LogEntry.88=RENAME C:\Program Files\Adobe\Flex Builder 3\plugins\com.adobe.flexbuilder.tengine_3.0.194161\META-INF\MANIFEST1260838057609.MF
LogEntry.89=RENAME C:\Program Files\Adobe\Flex Builder 3\plugins\com.adobe.flexbuilder.ajaxbridge_3.0.194161.jar1260838058031.tmp
LogEntry.90=RENAME C:\Program Files\Adobe\Flex Builder 3\plugins\com.adobe.flash.profiler_3.0.194161.jar1260838058156.tmp
LogEntry.91=RENAME C:\Program Files\Adobe\Flex Builder 3\plugins\com.adobe.flexbuilder.dbwizard_3.0.194161\META-INF\MANIFEST1260838058453.MF
LogEntry.92=RENAME C:\Program Files\Adobe\Flex Builder 3\plugins\com.adobe.flexbuilder.dbwizard_3.0.194161\plugin1260838058734.xml
LogEntry.93=RENAME C:\Program Files\Adobe\Flex Builder 3\plugins\com.adobe.datatools.derived_3.0.194161\META-INF\MANIFEST1260838062312.MF
LogEntry.94=RENAME C:\Program Files\Adobe\Flex Builder 3\plugins\com.adobe.datatools.derived_3.0.194161\plugin1260838063562.xml
LogEntry.95=RENAME C:\Program Files\Adobe\Flex Builder 3\plugins\com.adobe.flexbuilder.axis2_3.0.194161.jar1260838063625.tmp
LogEntry.96=RENAME C:\Program Files\Adobe\Flex Builder 3\plugins\com.adobe.flexbuilder.webservices_3.0.194161.jar1260838064406.tmp
LogEntry.97=RENAME C:\Program Files\Adobe\Flex Builder 3\plugins\com.adobe.flexbuilder.exportimport_3.0.194161.jar1260838064500.tmp
LogEntry.98=END_INSTALL_LOG
eof=eof